\BOOKMARK [0][-]{chapter.1}{Introduction}{}% 1
\BOOKMARK [0][-]{chapter.2}{Physical Properties of Transision Metal Dichalcogenide Monolayers}{}% 2
\BOOKMARK [1][-]{section.2.1}{Crystal structure and symmetries}{chapter.2}% 3
\BOOKMARK [1][-]{section.2.2}{Electronic bandstructure}{chapter.2}% 4
\BOOKMARK [1][-]{section.2.3}{Excitons in tmds}{chapter.2}% 5
\BOOKMARK [2][-]{subsection.2.3.1}{Binding energy and recombination}{section.2.3}% 6
\BOOKMARK [2][-]{subsection.2.3.2}{Phonons and dark states}{section.2.3}% 7
\BOOKMARK [2][-]{subsection.2.3.3}{Trions}{section.2.3}% 8
\BOOKMARK [1][-]{section.2.4}{The Valley Zeeman Effect}{chapter.2}% 9
\BOOKMARK [1][-]{section.2.5}{Bilayer WSe2}{chapter.2}% 10
\BOOKMARK [0][-]{chapter.3}{Fabrication of field effect structures}{}% 11
\BOOKMARK [1][-]{section.3.1}{Mechanical exoliation}{chapter.3}% 12
\BOOKMARK [2][-]{subsection.3.1.1}{Layer number}{section.3.1}% 13
\BOOKMARK [1][-]{section.3.2}{Hexagonal boron nitide}{chapter.3}% 14
\BOOKMARK [1][-]{section.3.3}{Electrode fabrication}{chapter.3}% 15
\BOOKMARK [2][-]{subsection.3.3.1}{UV lithography}{section.3.3}% 16
\BOOKMARK [2][-]{subsection.3.3.2}{Backgate and contacting}{section.3.3}% 17
\BOOKMARK [1][-]{section.3.4}{Hot pickup and stamping}{chapter.3}% 18
\BOOKMARK [1][-]{section.3.5}{Annealing}{chapter.3}% 19
\BOOKMARK [0][-]{chapter.4}{Experimental results}{}% 20
\BOOKMARK [1][-]{section.4.1}{Optical setup}{chapter.4}% 21
\BOOKMARK [2][-]{subsection.4.1.1}{Photoluminescence spectroscopy}{section.4.1}% 22
\BOOKMARK [2][-]{subsection.4.1.2}{Absorption spectroscopy}{section.4.1}% 23
\BOOKMARK [1][-]{section.4.2}{Sample characterization}{chapter.4}% 24
\BOOKMARK [2][-]{subsection.4.2.1}{Electrical properties}{section.4.2}% 25
\BOOKMARK [2][-]{subsection.4.2.2}{Narrow linewidth}{section.4.2}% 26
\BOOKMARK [1][-]{section.4.3}{Gate sweep in magnetic field}{chapter.4}% 27
\BOOKMARK [0][-]{section*.2}{Appendices}{}% 28
\BOOKMARK [0][-]{Appendix.1.A}{Lineshapes and fitting procedures}{}% 29
